<?xml version="1.0" encoding="UTF-8"?>
<testsuite xmlns:xsi="http://www.w3.org/2001/XMLSchema-instance" xsi:noNamespaceSchemaLocation="https://maven.apache.org/surefire/maven-surefire-plugin/xsd/surefire-test-report-3.0.xsd" version="3.0" name="com.bank.cebos.controller.portal.PortalSessionControllerTest" time="1.14" tests="1" errors="0" skipped="0" failures="0">
  <properties>
[...]
</properties>
  <testcase name="sessionReturnsIds" classname="com.bank.cebos.controller.portal.PortalSessionControllerTest" time="0.041">
    <system-out><![CDATA[13:05:30.904 [main] INFO org.springframework.test.context.support.AnnotationConfigContextLoaderUtils -- Could not detect default configuration classes for test class [com.bank.cebos.controller.portal.PortalSessionControllerTest]: PortalSessionControllerTest does not declare any static, non-private, non-final, nested classes annotated with @Configuration.
13:05:30.974 [main] INFO org.springframework.boot.test.context.SpringBootTestContextBootstrapper -- Found @SpringBootConfiguration com.bank.cebos.CebosApplication for test class com.bank.cebos.controller.portal.PortalSessionControllerTest

  .   ____          _            __ _ _
 /\\ / ___'_ __ _ _(_)_ __  __ _ \ \ \ \
( ( )\___ | '_ | '_| | '_ \/ _` | \ \ \ \
 \\/  ___)| |_)| | | | | || (_| |  ) ) ) )
  '  |____| .__|_| |_|_| |_\__, | / / / /
 =========|_|==============|___/=/_/_/_/
 :: Spring Boot ::               (v3.2.12)

2026-04-14T13:05:31.155+05:00  INFO 88789 --- [cebos-backend] [           main] c.b.c.c.p.PortalSessionControllerTest    : Starting PortalSessionControllerTest using Java 25 with PID 88789 (started by murtazamalik in /Users/murtazamalik/dev_env/digital_account_opening/backend)
2026-04-14T13:05:31.156+05:00  INFO 88789 --- [cebos-backend] [           main] c.b.c.c.p.PortalSessionControllerTest    : The following 1 profile is active: "dev"
2026-04-14T13:05:31.663+05:00  WARN 88789 --- [cebos-backend] [           main] .s.s.UserDetailsServiceAutoConfiguration : 

Using generated security password: e8475699-5c79-4a09-8c3f-79f41ef2919c

This generated password is for development use only. Your security configuration must be updated before running your application in production.

2026-04-14T13:05:31.776+05:00  INFO 88789 --- [cebos-backend] [           main] o.s.s.web.DefaultSecurityFilterChain     : Will secure Or [Mvc [pattern='/actuator/health'], Mvc [pattern='/v3/api-docs/**'], Mvc [pattern='/swagger-ui/**'], Mvc [pattern='/swagger-ui.html'], Mvc [pattern='/api/v1/portal/auth/**'], Mvc [pattern='/api/v1/admin/auth/**'], Mvc [pattern='/api/v1/mobile/auth/login'], Mvc [pattern='/api/v1/mobile/auth/refresh'], Mvc [pattern='/api/v1/mobile/policy']] with [org.springframework.security.web.session.DisableEncodeUrlFilter@335cbcbd, org.springframework.security.web.context.request.async.WebAsyncManagerIntegrationFilter@64c79b69, org.springframework.security.web.context.SecurityContextHolderFilter@395854dd, org.springframework.security.web.header.HeaderWriterFilter@622e39d, org.springframework.security.web.authentication.logout.LogoutFilter@3f2bf80d, org.springframework.security.web.savedrequest.RequestCacheAwareFilter@2f9d47a3, org.springframework.security.web.servletapi.SecurityContextHolderAwareRequestFilter@1b4bc7b9, org.springframework.security.web.authentication.AnonymousAuthenticationFilter@a94c8e3, org.springframework.security.web.session.SessionManagementFilter@60515ab1, org.springframework.security.web.access.ExceptionTranslationFilter@2e41e0c, org.springframework.security.web.access.intercept.AuthorizationFilter@40a2fdd2]
2026-04-14T13:05:31.786+05:00  INFO 88789 --- [cebos-backend] [           main] o.s.s.web.DefaultSecurityFilterChain     : Will secure Or [Mvc [pattern='/api/v1/mobile/**']] with [org.springframework.security.web.session.DisableEncodeUrlFilter@9e2b199, org.springframework.security.web.context.request.async.WebAsyncManagerIntegrationFilter@7441edeb, org.springframework.security.web.context.SecurityContextHolderFilter@5b476930, org.springframework.security.web.header.HeaderWriterFilter@5e2525fe, org.springframework.security.web.authentication.logout.LogoutFilter@7a80ebcd, jwtAuthenticationFilter bean, org.springframework.security.web.savedrequest.RequestCacheAwareFilter@18f1260, org.springframework.security.web.servletapi.SecurityContextHolderAwareRequestFilter@7672dd7a, org.springframework.security.web.authentication.AnonymousAuthenticationFilter@1df60140, org.springframework.security.web.session.SessionManagementFilter@59d6a4d1, org.springframework.security.web.access.ExceptionTranslationFilter@5f80b25a, org.springframework.security.web.access.intercept.AuthorizationFilter@631c6ef4]
2026-04-14T13:05:31.792+05:00  INFO 88789 --- [cebos-backend] [           main] o.s.s.web.DefaultSecurityFilterChain     : Will secure Or [Mvc [pattern='/api/v1/portal/**']] with [org.springframework.security.web.session.DisableEncodeUrlFilter@581cb879, org.springframework.security.web.context.request.async.WebAsyncManagerIntegrationFilter@6a77953c, org.springframework.security.web.context.SecurityContextHolderFilter@78762e87, org.springframework.security.web.header.HeaderWriterFilter@3e9e7a70, org.springframework.security.web.authentication.logout.LogoutFilter@33602729, jwtAuthenticationFilter bean, org.springframework.security.web.savedrequest.RequestCacheAwareFilter@672c4e24, org.springframework.security.web.servletapi.SecurityContextHolderAwareRequestFilter@2aacf54b, org.springframework.security.web.authentication.AnonymousAuthenticationFilter@1c294a17, org.springframework.security.web.session.SessionManagementFilter@360ccb68, org.springframework.security.web.access.ExceptionTranslationFilter@37d50217, org.springframework.security.web.access.intercept.AuthorizationFilter@7bf3bf2e]
2026-04-14T13:05:31.799+05:00  INFO 88789 --- [cebos-backend] [           main] o.s.s.web.DefaultSecurityFilterChain     : Will secure Or [Mvc [pattern='/api/v1/admin/**']] with [org.springframework.security.web.session.DisableEncodeUrlFilter@72bef795, org.springframework.security.web.context.request.async.WebAsyncManagerIntegrationFilter@1f4d9c7f, org.springframework.security.web.context.SecurityContextHolderFilter@15b882a0, org.springframework.security.web.header.HeaderWriterFilter@7843b65e, org.springframework.security.web.authentication.logout.LogoutFilter@6f404bc6, jwtAuthenticationFilter bean, org.springframework.security.web.savedrequest.RequestCacheAwareFilter@6ade4ac6, org.springframework.security.web.servletapi.SecurityContextHolderAwareRequestFilter@fcae085, org.springframework.security.web.authentication.AnonymousAuthenticationFilter@6dcb4f30, org.springframework.security.web.session.SessionManagementFilter@4d6f951a, org.springframework.security.web.access.ExceptionTranslationFilter@55854382, org.springframework.security.web.access.intercept.AuthorizationFilter@2f46bc25]
2026-04-14T13:05:31.806+05:00  INFO 88789 --- [cebos-backend] [           main] o.s.s.web.DefaultSecurityFilterChain     : Will secure Or [Mvc [pattern='/api/v1/**']] with [org.springframework.security.web.session.DisableEncodeUrlFilter@76fdd5f1, org.springframework.security.web.context.request.async.WebAsyncManagerIntegrationFilter@513fb873, org.springframework.security.web.context.SecurityContextHolderFilter@3a72517e, org.springframework.security.web.header.HeaderWriterFilter@3b2317b7, org.springframework.security.web.authentication.logout.LogoutFilter@3993cecb, jwtAuthenticationFilter bean, org.springframework.security.web.savedrequest.RequestCacheAwareFilter@77a14911, org.springframework.security.web.servletapi.SecurityContextHolderAwareRequestFilter@541c76fd, org.springframework.security.web.authentication.AnonymousAuthenticationFilter@2a4a95c4, org.springframework.security.web.session.SessionManagementFilter@56c26b21, org.springframework.security.web.access.ExceptionTranslationFilter@71979130, org.springframework.security.web.access.intercept.AuthorizationFilter@731bdcca]
2026-04-14T13:05:31.812+05:00  INFO 88789 --- [cebos-backend] [           main] o.s.s.web.DefaultSecurityFilterChain     : Will secure any request with [org.springframework.security.web.session.DisableEncodeUrlFilter@33f059ad, org.springframework.security.web.context.request.async.WebAsyncManagerIntegrationFilter@6c7bc8ac, org.springframework.security.web.context.SecurityContextHolderFilter@5276330a, org.springframework.security.web.header.HeaderWriterFilter@2e1b1d22, org.springframework.security.web.authentication.logout.LogoutFilter@32cda33c, org.springframework.security.web.savedrequest.RequestCacheAwareFilter@221961f2, org.springframework.security.web.servletapi.SecurityContextHolderAwareRequestFilter@541d8a9e, org.springframework.security.web.authentication.AnonymousAuthenticationFilter@25131637, org.springframework.security.web.session.SessionManagementFilter@653c0c9c, org.springframework.security.web.access.ExceptionTranslationFilter@52e44f71, org.springframework.security.web.access.intercept.AuthorizationFilter@63437af4]
2026-04-14T13:05:31.960+05:00  INFO 88789 --- [cebos-backend] [           main] o.s.b.t.m.w.SpringBootMockServletContext : Initializing Spring TestDispatcherServlet ''
2026-04-14T13:05:31.960+05:00  INFO 88789 --- [cebos-backend] [           main] o.s.t.web.servlet.TestDispatcherServlet  : Initializing Servlet ''
2026-04-14T13:05:31.961+05:00  INFO 88789 --- [cebos-backend] [           main] o.s.t.web.servlet.TestDispatcherServlet  : Completed initialization in 1 ms
2026-04-14T13:05:31.975+05:00  INFO 88789 --- [cebos-backend] [           main] c.b.c.c.p.PortalSessionControllerTest    : Started PortalSessionControllerTest in 0.965 seconds (process running for 3.893)
2026-04-14T13:05:31.988+05:00  WARN 88789 --- [cebos-backend] [           main] o.s.w.s.h.HandlerMappingIntrospector     : Cache miss for REQUEST dispatch to '/api/v1/portal/session' (previous null). Performing MatchableHandlerMapping lookup. This is logged once only at WARN level, and every time at TRACE.
]]></system-out>
  </testcase>
</testsuite>