<?xml version="1.0" encoding="UTF-8"?>
<testsuite xmlns:xsi="http://www.w3.org/2001/XMLSchema-instance" xsi:noNamespaceSchemaLocation="https://maven.apache.org/surefire/maven-surefire-plugin/xsd/surefire-test-report-3.0.xsd" version="3.0" name="com.bank.cebos.controller.mobile.MobileJourneyControllerTest" time="0.329" tests="3" errors="0" skipped="0" failures="0">
  <properties>
[...]
</properties>
  <testcase name="statusUsesPrincipalId" classname="com.bank.cebos.controller.mobile.MobileJourneyControllerTest" time="0.011">
    <system-out><![CDATA[2026-04-14T13:05:32.763+05:00  INFO 88789 --- [cebos-backend] [           main] t.c.s.AnnotationConfigContextLoaderUtils : Could not detect default configuration classes for test class [com.bank.cebos.controller.mobile.MobileJourneyControllerTest]: MobileJourneyControllerTest does not declare any static, non-private, non-final, nested classes annotated with @Configuration.
2026-04-14T13:05:32.774+05:00  INFO 88789 --- [cebos-backend] [           main] .b.t.c.SpringBootTestContextBootstrapper : Found @SpringBootConfiguration com.bank.cebos.CebosApplication for test class com.bank.cebos.controller.mobile.MobileJourneyControllerTest

  .   ____          _            __ _ _
 /\\ / ___'_ __ _ _(_)_ __  __ _ \ \ \ \
( ( )\___ | '_ | '_| | '_ \/ _` | \ \ \ \
 \\/  ___)| |_)| | | | | || (_| |  ) ) ) )
  '  |____| .__|_| |_|_| |_\__, | / / / /
 =========|_|==============|___/=/_/_/_/
 :: Spring Boot ::               (v3.2.12)

2026-04-14T13:05:32.788+05:00  INFO 88789 --- [cebos-backend] [           main] c.b.c.c.m.MobileJourneyControllerTest    : Starting MobileJourneyControllerTest using Java 25 with PID 88789 (started by murtazamalik in /Users/murtazamalik/dev_env/digital_account_opening/backend)
2026-04-14T13:05:32.788+05:00  INFO 88789 --- [cebos-backend] [           main] c.b.c.c.m.MobileJourneyControllerTest    : The following 1 profile is active: "dev"
2026-04-14T13:05:32.967+05:00  WARN 88789 --- [cebos-backend] [           main] .s.s.UserDetailsServiceAutoConfiguration : 

Using generated security password: ed91f080-77fc-4624-be4a-5784ec3b08dd

This generated password is for development use only. Your security configuration must be updated before running your application in production.

2026-04-14T13:05:32.996+05:00  INFO 88789 --- [cebos-backend] [           main] o.s.s.web.DefaultSecurityFilterChain     : Will secure Or [Mvc [pattern='/actuator/health'], Mvc [pattern='/v3/api-docs/**'], Mvc [pattern='/swagger-ui/**'], Mvc [pattern='/swagger-ui.html'], Mvc [pattern='/api/v1/portal/auth/**'], Mvc [pattern='/api/v1/admin/auth/**'], Mvc [pattern='/api/v1/mobile/auth/login'], Mvc [pattern='/api/v1/mobile/auth/refresh'], Mvc [pattern='/api/v1/mobile/policy']] with [org.springframework.security.web.session.DisableEncodeUrlFilter@51edc97d, org.springframework.security.web.context.request.async.WebAsyncManagerIntegrationFilter@5837b801, org.springframework.security.web.context.SecurityContextHolderFilter@182934f2, org.springframework.security.web.header.HeaderWriterFilter@1be7b7de, org.springframework.security.web.authentication.logout.LogoutFilter@2ed4e0e9, org.springframework.security.web.savedrequest.RequestCacheAwareFilter@6c92af74, org.springframework.security.web.servletapi.SecurityContextHolderAwareRequestFilter@4aedac7f, org.springframework.security.web.authentication.AnonymousAuthenticationFilter@2f1e3e1c, org.springframework.security.web.session.SessionManagementFilter@5b0ddbcf, org.springframework.security.web.access.ExceptionTranslationFilter@7ff167c4, org.springframework.security.web.access.intercept.AuthorizationFilter@706dd38b]
2026-04-14T13:05:33.001+05:00  INFO 88789 --- [cebos-backend] [           main] o.s.s.web.DefaultSecurityFilterChain     : Will secure Or [Mvc [pattern='/api/v1/mobile/**']] with [org.springframework.security.web.session.DisableEncodeUrlFilter@702f99a5, org.springframework.security.web.context.request.async.WebAsyncManagerIntegrationFilter@7b303608, org.springframework.security.web.context.SecurityContextHolderFilter@6c861b25, org.springframework.security.web.header.HeaderWriterFilter@7959747d, org.springframework.security.web.authentication.logout.LogoutFilter@4d78dd9d, jwtAuthenticationFilter bean, org.springframework.security.web.savedrequest.RequestCacheAwareFilter@73ccc475, org.springframework.security.web.servletapi.SecurityContextHolderAwareRequestFilter@4184bced, org.springframework.security.web.authentication.AnonymousAuthenticationFilter@31419d4a, org.springframework.security.web.session.SessionManagementFilter@19a920d1, org.springframework.security.web.access.ExceptionTranslationFilter@462b3fc7, org.springframework.security.web.access.intercept.AuthorizationFilter@3c05fb12]
2026-04-14T13:05:33.005+05:00  INFO 88789 --- [cebos-backend] [           main] o.s.s.web.DefaultSecurityFilterChain     : Will secure Or [Mvc [pattern='/api/v1/portal/**']] with [org.springframework.security.web.session.DisableEncodeUrlFilter@c2a7ded, org.springframework.security.web.context.request.async.WebAsyncManagerIntegrationFilter@4ba61340, org.springframework.security.web.context.SecurityContextHolderFilter@2086dfb8, org.springframework.security.web.header.HeaderWriterFilter@1f7b7ac4, org.springframework.security.web.authentication.logout.LogoutFilter@3d6f549c, jwtAuthenticationFilter bean, org.springframework.security.web.savedrequest.RequestCacheAwareFilter@9a1b870, org.springframework.security.web.servletapi.SecurityContextHolderAwareRequestFilter@4d484eda, org.springframework.security.web.authentication.AnonymousAuthenticationFilter@3a95898c, org.springframework.security.web.session.SessionManagementFilter@19dffe76, org.springframework.security.web.access.ExceptionTranslationFilter@1727d525, org.springframework.security.web.access.intercept.AuthorizationFilter@3638ae1c]
2026-04-14T13:05:33.009+05:00  INFO 88789 --- [cebos-backend] [           main] o.s.s.web.DefaultSecurityFilterChain     : Will secure Or [Mvc [pattern='/api/v1/admin/**']] with [org.springframework.security.web.session.DisableEncodeUrlFilter@106361e9, org.springframework.security.web.context.request.async.WebAsyncManagerIntegrationFilter@22974eba, org.springframework.security.web.context.SecurityContextHolderFilter@1b84d2e, org.springframework.security.web.header.HeaderWriterFilter@402e48d, org.springframework.security.web.authentication.logout.LogoutFilter@489f5b24, jwtAuthenticationFilter bean, org.springframework.security.web.savedrequest.RequestCacheAwareFilter@7e3c5dbb, org.springframework.security.web.servletapi.SecurityContextHolderAwareRequestFilter@6d89f87d, org.springframework.security.web.authentication.AnonymousAuthenticationFilter@6631e6af, org.springframework.security.web.session.SessionManagementFilter@1daf79ab, org.springframework.security.web.access.ExceptionTranslationFilter@72e1a349, org.springframework.security.web.access.intercept.AuthorizationFilter@763a46fe]
2026-04-14T13:05:33.013+05:00  INFO 88789 --- [cebos-backend] [           main] o.s.s.web.DefaultSecurityFilterChain     : Will secure Or [Mvc [pattern='/api/v1/**']] with [org.springframework.security.web.session.DisableEncodeUrlFilter@4dc34411, org.springframework.security.web.context.request.async.WebAsyncManagerIntegrationFilter@56d9bc5f, org.springframework.security.web.context.SecurityContextHolderFilter@79805d37, org.springframework.security.web.header.HeaderWriterFilter@73605fde, org.springframework.security.web.authentication.logout.LogoutFilter@31854086, jwtAuthenticationFilter bean, org.springframework.security.web.savedrequest.RequestCacheAwareFilter@6175782c, org.springframework.security.web.servletapi.SecurityContextHolderAwareRequestFilter@109a5573, org.springframework.security.web.authentication.AnonymousAuthenticationFilter@7252e3ec, org.springframework.security.web.session.SessionManagementFilter@c3acda3, org.springframework.security.web.access.ExceptionTranslationFilter@95237fc, org.springframework.security.web.access.intercept.AuthorizationFilter@39081953]
2026-04-14T13:05:33.017+05:00  INFO 88789 --- [cebos-backend] [           main] o.s.s.web.DefaultSecurityFilterChain     : Will secure any request with [org.springframework.security.web.session.DisableEncodeUrlFilter@4ef435f3, org.springframework.security.web.context.request.async.WebAsyncManagerIntegrationFilter@f25106c, org.springframework.security.web.context.SecurityContextHolderFilter@5eea8854, org.springframework.security.web.header.HeaderWriterFilter@7c95440d, org.springframework.security.web.authentication.logout.LogoutFilter@5b33446d, org.springframework.security.web.savedrequest.RequestCacheAwareFilter@18e69455, org.springframework.security.web.servletapi.SecurityContextHolderAwareRequestFilter@4e850e68, org.springframework.security.web.authentication.AnonymousAuthenticationFilter@216bd6cd, org.springframework.security.web.session.SessionManagementFilter@77dd0ac9, org.springframework.security.web.access.ExceptionTranslationFilter@54e24511, org.springframework.security.web.access.intercept.AuthorizationFilter@114b81af]
2026-04-14T13:05:33.060+05:00  INFO 88789 --- [cebos-backend] [           main] o.s.b.t.m.w.SpringBootMockServletContext : Initializing Spring TestDispatcherServlet ''
2026-04-14T13:05:33.060+05:00  INFO 88789 --- [cebos-backend] [           main] o.s.t.web.servlet.TestDispatcherServlet  : Initializing Servlet ''
2026-04-14T13:05:33.060+05:00  INFO 88789 --- [cebos-backend] [           main] o.s.t.web.servlet.TestDispatcherServlet  : Completed initialization in 0 ms
2026-04-14T13:05:33.064+05:00  INFO 88789 --- [cebos-backend] [           main] c.b.c.c.m.MobileJourneyControllerTest    : Started MobileJourneyControllerTest in 0.288 seconds (process running for 4.983)
2026-04-14T13:05:33.069+05:00  WARN 88789 --- [cebos-backend] [           main] o.s.w.s.h.HandlerMappingIntrospector     : Cache miss for REQUEST dispatch to '/api/v1/mobile/status' (previous null). Performing MatchableHandlerMapping lookup. This is logged once only at WARN level, and every time at TRACE.
]]></system-out>
  </testcase>
  <testcase name="policyIsPublic" classname="com.bank.cebos.controller.mobile.MobileJourneyControllerTest" time="0.006"/>
  <testcase name="cnicFrontDelegates" classname="com.bank.cebos.controller.mobile.MobileJourneyControllerTest" time="0.008"/>
</testsuite>