<?xml version="1.0" encoding="UTF-8"?>
<testsuite xmlns:xsi="http://www.w3.org/2001/XMLSchema-instance" xsi:noNamespaceSchemaLocation="https://maven.apache.org/surefire/maven-surefire-plugin/xsd/surefire-test-report-3.0.xsd" version="3.0" name="com.bank.cebos.controller.admin.AdminCorporateClientControllerTest" time="0.393" tests="5" errors="0" skipped="0" failures="0">
  <properties>
[...]
</properties>
  <testcase name="listClientsReturns200WithEmptyPage" classname="com.bank.cebos.controller.admin.AdminCorporateClientControllerTest" time="0.017">
    <system-out><![CDATA[2026-04-14T13:05:32.370+05:00  INFO 88789 --- [cebos-backend] [           main] t.c.s.AnnotationConfigContextLoaderUtils : Could not detect default configuration classes for test class [com.bank.cebos.controller.admin.AdminCorporateClientControllerTest]: AdminCorporateClientControllerTest does not declare any static, non-private, non-final, nested classes annotated with @Configuration.
2026-04-14T13:05:32.396+05:00  INFO 88789 --- [cebos-backend] [           main] .b.t.c.SpringBootTestContextBootstrapper : Found @SpringBootConfiguration com.bank.cebos.CebosApplication for test class com.bank.cebos.controller.admin.AdminCorporateClientControllerTest

  .   ____          _            __ _ _
 /\\ / ___'_ __ _ _(_)_ __  __ _ \ \ \ \
( ( )\___ | '_ | '_| | '_ \/ _` | \ \ \ \
 \\/  ___)| |_)| | | | | || (_| |  ) ) ) )
  '  |____| .__|_| |_|_| |_\__, | / / / /
 =========|_|==============|___/=/_/_/_/
 :: Spring Boot ::               (v3.2.12)

2026-04-14T13:05:32.414+05:00  INFO 88789 --- [cebos-backend] [           main] c.c.a.AdminCorporateClientControllerTest : Starting AdminCorporateClientControllerTest using Java 25 with PID 88789 (started by murtazamalik in /Users/murtazamalik/dev_env/digital_account_opening/backend)
2026-04-14T13:05:32.414+05:00  INFO 88789 --- [cebos-backend] [           main] c.c.a.AdminCorporateClientControllerTest : The following 1 profile is active: "dev"
2026-04-14T13:05:32.582+05:00  WARN 88789 --- [cebos-backend] [           main] .s.s.UserDetailsServiceAutoConfiguration : 

Using generated security password: 9184f26e-7fd1-44e9-9187-4e2b0010deb2

This generated password is for development use only. Your security configuration must be updated before running your application in production.

2026-04-14T13:05:32.611+05:00  INFO 88789 --- [cebos-backend] [           main] o.s.s.web.DefaultSecurityFilterChain     : Will secure Or [Mvc [pattern='/actuator/health'], Mvc [pattern='/v3/api-docs/**'], Mvc [pattern='/swagger-ui/**'], Mvc [pattern='/swagger-ui.html'], Mvc [pattern='/api/v1/portal/auth/**'], Mvc [pattern='/api/v1/admin/auth/**'], Mvc [pattern='/api/v1/mobile/auth/login'], Mvc [pattern='/api/v1/mobile/auth/refresh'], Mvc [pattern='/api/v1/mobile/policy']] with [org.springframework.security.web.session.DisableEncodeUrlFilter@5c807e6b, org.springframework.security.web.context.request.async.WebAsyncManagerIntegrationFilter@49bcd90d, org.springframework.security.web.context.SecurityContextHolderFilter@2b1aa390, org.springframework.security.web.header.HeaderWriterFilter@4d162d67, org.springframework.security.web.authentication.logout.LogoutFilter@1428d63, org.springframework.security.web.savedrequest.RequestCacheAwareFilter@5e1d6ace, org.springframework.security.web.servletapi.SecurityContextHolderAwareRequestFilter@221c097f, org.springframework.security.web.authentication.AnonymousAuthenticationFilter@1bb6bc81, org.springframework.security.web.session.SessionManagementFilter@757501da, org.springframework.security.web.access.ExceptionTranslationFilter@6042b613, org.springframework.security.web.access.intercept.AuthorizationFilter@76296c86]
2026-04-14T13:05:32.615+05:00  INFO 88789 --- [cebos-backend] [           main] o.s.s.web.DefaultSecurityFilterChain     : Will secure Or [Mvc [pattern='/api/v1/mobile/**']] with [org.springframework.security.web.session.DisableEncodeUrlFilter@5435582e, org.springframework.security.web.context.request.async.WebAsyncManagerIntegrationFilter@56daf3b1, org.springframework.security.web.context.SecurityContextHolderFilter@2e70d072, org.springframework.security.web.header.HeaderWriterFilter@1a177f2c, org.springframework.security.web.authentication.logout.LogoutFilter@7dcfe455, jwtAuthenticationFilter bean, org.springframework.security.web.savedrequest.RequestCacheAwareFilter@6f77917c, org.springframework.security.web.servletapi.SecurityContextHolderAwareRequestFilter@4e387da1, org.springframework.security.web.authentication.AnonymousAuthenticationFilter@7ba0c0e5, org.springframework.security.web.session.SessionManagementFilter@c82f6bd, org.springframework.security.web.access.ExceptionTranslationFilter@455082d2, org.springframework.security.web.access.intercept.AuthorizationFilter@2338c3f9]
2026-04-14T13:05:32.619+05:00  INFO 88789 --- [cebos-backend] [           main] o.s.s.web.DefaultSecurityFilterChain     : Will secure Or [Mvc [pattern='/api/v1/portal/**']] with [org.springframework.security.web.session.DisableEncodeUrlFilter@834944, org.springframework.security.web.context.request.async.WebAsyncManagerIntegrationFilter@6f014f27, org.springframework.security.web.context.SecurityContextHolderFilter@2c05ccdb, org.springframework.security.web.header.HeaderWriterFilter@2574123a, org.springframework.security.web.authentication.logout.LogoutFilter@6231bb88, jwtAuthenticationFilter bean, org.springframework.security.web.savedrequest.RequestCacheAwareFilter@5d71813b, org.springframework.security.web.servletapi.SecurityContextHolderAwareRequestFilter@5891bd6d, org.springframework.security.web.authentication.AnonymousAuthenticationFilter@185b998d, org.springframework.security.web.session.SessionManagementFilter@1bc467bd, org.springframework.security.web.access.ExceptionTranslationFilter@34a8a5ad, org.springframework.security.web.access.intercept.AuthorizationFilter@66373f77]
2026-04-14T13:05:32.623+05:00  INFO 88789 --- [cebos-backend] [           main] o.s.s.web.DefaultSecurityFilterChain     : Will secure Or [Mvc [pattern='/api/v1/admin/**']] with [org.springframework.security.web.session.DisableEncodeUrlFilter@ae2227, org.springframework.security.web.context.request.async.WebAsyncManagerIntegrationFilter@3a1eb893, org.springframework.security.web.context.SecurityContextHolderFilter@649a76c1, org.springframework.security.web.header.HeaderWriterFilter@70201785, org.springframework.security.web.authentication.logout.LogoutFilter@42cf08a1, jwtAuthenticationFilter bean, org.springframework.security.web.savedrequest.RequestCacheAwareFilter@2394fad2, org.springframework.security.web.servletapi.SecurityContextHolderAwareRequestFilter@53785d1a, org.springframework.security.web.authentication.AnonymousAuthenticationFilter@35daccb8, org.springframework.security.web.session.SessionManagementFilter@24c04958, org.springframework.security.web.access.ExceptionTranslationFilter@7b4791d9, org.springframework.security.web.access.intercept.AuthorizationFilter@57082d16]
2026-04-14T13:05:32.627+05:00  INFO 88789 --- [cebos-backend] [           main] o.s.s.web.DefaultSecurityFilterChain     : Will secure Or [Mvc [pattern='/api/v1/**']] with [org.springframework.security.web.session.DisableEncodeUrlFilter@48ac4201, org.springframework.security.web.context.request.async.WebAsyncManagerIntegrationFilter@f2bec99, org.springframework.security.web.context.SecurityContextHolderFilter@dc9033f, org.springframework.security.web.header.HeaderWriterFilter@5c0bacaa, org.springframework.security.web.authentication.logout.LogoutFilter@1e7b277a, jwtAuthenticationFilter bean, org.springframework.security.web.savedrequest.RequestCacheAwareFilter@2c5dfc9b, org.springframework.security.web.servletapi.SecurityContextHolderAwareRequestFilter@2db27b46, org.springframework.security.web.authentication.AnonymousAuthenticationFilter@5f324d9f, org.springframework.security.web.session.SessionManagementFilter@7cb15360, org.springframework.security.web.access.ExceptionTranslationFilter@7aeb7bd6, org.springframework.security.web.access.intercept.AuthorizationFilter@635791b7]
2026-04-14T13:05:32.631+05:00  INFO 88789 --- [cebos-backend] [           main] o.s.s.web.DefaultSecurityFilterChain     : Will secure any request with [org.springframework.security.web.session.DisableEncodeUrlFilter@611d867, org.springframework.security.web.context.request.async.WebAsyncManagerIntegrationFilter@5efb7f82, org.springframework.security.web.context.SecurityContextHolderFilter@3063493e, org.springframework.security.web.header.HeaderWriterFilter@21cb907d, org.springframework.security.web.authentication.logout.LogoutFilter@249f95a2, org.springframework.security.web.savedrequest.RequestCacheAwareFilter@39584147, org.springframework.security.web.servletapi.SecurityContextHolderAwareRequestFilter@446d7669, org.springframework.security.web.authentication.AnonymousAuthenticationFilter@34775090, org.springframework.security.web.session.SessionManagementFilter@78f649d3, org.springframework.security.web.access.ExceptionTranslationFilter@2a9464d9, org.springframework.security.web.access.intercept.AuthorizationFilter@70c741be]
2026-04-14T13:05:32.679+05:00  INFO 88789 --- [cebos-backend] [           main] o.s.b.t.m.w.SpringBootMockServletContext : Initializing Spring TestDispatcherServlet ''
2026-04-14T13:05:32.679+05:00  INFO 88789 --- [cebos-backend] [           main] o.s.t.web.servlet.TestDispatcherServlet  : Initializing Servlet ''
2026-04-14T13:05:32.680+05:00  INFO 88789 --- [cebos-backend] [           main] o.s.t.web.servlet.TestDispatcherServlet  : Completed initialization in 1 ms
2026-04-14T13:05:32.686+05:00  INFO 88789 --- [cebos-backend] [           main] c.c.a.AdminCorporateClientControllerTest : Started AdminCorporateClientControllerTest in 0.288 seconds (process running for 4.604)
2026-04-14T13:05:32.690+05:00  WARN 88789 --- [cebos-backend] [           main] o.s.w.s.h.HandlerMappingIntrospector     : Cache miss for REQUEST dispatch to '/api/v1/admin/clients' (previous null). Performing MatchableHandlerMapping lookup. This is logged once only at WARN level, and every time at TRACE.
]]></system-out>
  </testcase>
  <testcase name="createClientReturns201" classname="com.bank.cebos.controller.admin.AdminCorporateClientControllerTest" time="0.009"/>
  <testcase name="listClientsReturnsOneRow" classname="com.bank.cebos.controller.admin.AdminCorporateClientControllerTest" time="0.032"/>
  <testcase name="getClientReturns404WhenMissing" classname="com.bank.cebos.controller.admin.AdminCorporateClientControllerTest" time="0.007"/>
  <testcase name="getClientReturns200WithBodyWhenPresent" classname="com.bank.cebos.controller.admin.AdminCorporateClientControllerTest" time="0.005"/>
</testsuite>